Case #1: TuringInDominoes VerveCoffee FukiSushiInOldenDays ShuttlePlatform TechVendingMachine ColdBrewMachine LightningBolts BridgeClub HotfixBar OculusDemoLab CafeEpic FakeCrosswalk SonOfPingAndPong FullCircle ZucksOffice Arcade SugarShack FoxGazebo MPK20Roof ConstitutionDeli WallOfPhones ChosHawkerCenter WoodenSculpture 
Case #2: PhilzCoffee ZucksOffice BlueBottle HackerSquare ChosHawkerCenter 
Case #3: CafeEpic SonOfPingAndPong SweetStop 
Case #4: TransportationHub SaintFrank 
Case #5: DentalOffice Microkitchen TechVendingMachine Harvest PopUpShop SonOfPingAndPong ConstitutionDeli Helpdesk TuringInDominoes FoxPainting ZucksOldOffice SweetStop MamaPennys LikeSign TransportationHub BlueBottle LivingTheDream CafeEpic WoodenSculpture FukiSushiInOldenDays FoxGazebo SwagStore Sol SaintFrank RainbowStairs BurgerShack ShuttlePlatform BahnAppetit Nanokitchen LightningBolts PhilzCoffee Ballpit HotfixBar ColdBrewMachine FakeCrosswalk VerveCoffee FreshOrangeJuice OculusDemoLab FullCircle MPK20Roof LateHarvest SugarShack WallOfPhones ChosHawkerCenter NailPolishRoomBlock 
Case #6: Nanokitchen ConstitutionDeli SaintFrank DentalOffice Ballpit FullCircle BlueBottle FakeCrosswalk OculusDemoLab FoxPainting Harvest ZucksOldOffice BurgerShack FreshOrangeJuice TransportationHub Microkitchen ShuttlePlatform FukiSushiInOldenDays LikeSign LateHarvest BridgeClub 
Case #7: SaintFrank BlueBottle TransportationHub DentalOffice ColdBrewMachine MamaPennys 
Case #8: SweetStop 
Case #9: ZucksOffice HackerSquare Helpdesk SugarShack 
Case #10: FoxPainting BahnAppetit SweetStop LightningBolts ChosHawkerCenter ZucksOldOffice 
Case #11: LikeSign Arcade SweetStop 
Case #12: SwagStore CafeEpic FullCircle WoodenSculpture Microkitchen VerveCoffee ZucksOffice PhilzCoffee SweetStop ColdBrewMachine SonOfPingAndPong HotfixBar SaintFrank BahnAppetit DentalOffice Ballpit Helpdesk ZucksOldOffice PopUpShop FoxPainting Nanokitchen LikeSign BridgeClub SugarShack 
Case #13: SweetStop Harvest ZucksOffice OculusDemoLab HalalTruck Arcade BridgeClub MamaPennys SwagStore PhilzCoffee Sol CafeEpic LivingTheDream Microkitchen SugarShack NailPolishRoomBlock RainbowStairs BahnAppetit BlueBottle TransportationHub FullCircle ColdBrewMachine PopUpShop SaintFrank ChosHawkerCenter ZucksOldOffice Nanokitchen LateHarvest ConstitutionDeli FoxGazebo 
Case #14: ColdBrewMachine WoodenSculpture LightningBolts SweetStop BahnAppetit FukiSushiInOldenDays BurgerShack ConstitutionDeli ChosHawkerCenter ShuttlePlatform LikeSign MPK20Roof Ballpit Sol TechVendingMachine NailPolishRoomBlock 
Case #15: Nanokitchen DentalOffice SwagStore BlueBottle FoxGazebo SonOfPingAndPong VerveCoffee ChosHawkerCenter NailPolishRoomBlock Microkitchen 
Case #16: OculusDemoLab Ballpit ZucksOffice VerveCoffee SugarShack SaintFrank FoxGazebo RainbowStairs Nanokitchen TransportationHub LightningBolts BlueBottle BurgerShack WallOfPhones ConstitutionDeli MPK20Roof ChosHawkerCenter HalalTruck WoodenSculpture MamaPennys PopUpShop CafeEpic LivingTheDream LateHarvest FukiSushiInOldenDays FoxPainting 
Case #17: LikeSign Arcade SwagStore 
Case #18: HackerSquare FukiSushiInOldenDays BlueBottle ConstitutionDeli FoxGazebo 
Case #19: TechVendingMachine 
Case #20: WallOfPhones 
Case #21: ZucksOldOffice ChosHawkerCenter Harvest SonOfPingAndPong Nanokitchen TuringInDominoes HotfixBar MPK20Roof FoxGazebo Arcade HackerSquare Ballpit FukiSushiInOldenDays SugarShack CafeEpic Helpdesk ColdBrewMachine 
Case #22: CafeEpic 
Case #23: FreshOrangeJuice ColdBrewMachine OculusDemoLab ZucksOffice FoxPainting Ballpit WoodenSculpture VerveCoffee BlueBottle HackerSquare LikeSign 
Case #24: SaintFrank SonOfPingAndPong WallOfPhones SweetStop VerveCoffee WoodenSculpture Nanokitchen 
Case #25: ConstitutionDeli LikeSign FoxGazebo BlueBottle BurgerShack Microkitchen TransportationHub TuringInDominoes SugarShack ZucksOldOffice HotfixBar LateHarvest LightningBolts NailPolishRoomBlock LivingTheDream FullCircle ZucksOffice CafeEpic SaintFrank SonOfPingAndPong OculusDemoLab Nanokitchen 
Case #26: DentalOffice MamaPennys Microkitchen LightningBolts ConstitutionDeli Harvest FakeCrosswalk WoodenSculpture VerveCoffee PhilzCoffee CafeEpic SugarShack FoxPainting Arcade LateHarvest ColdBrewMachine SonOfPingAndPong 
Case #27: TransportationHub BahnAppetit MamaPennys BlueBottle FreshOrangeJuice Microkitchen BurgerShack CafeEpic ShuttlePlatform 
Case #28: Nanokitchen PhilzCoffee SaintFrank VerveCoffee LivingTheDream FakeCrosswalk FoxGazebo LikeSign FreshOrangeJuice BurgerShack NailPolishRoomBlock SonOfPingAndPong FoxPainting PopUpShop RainbowStairs TransportationHub ColdBrewMachine ZucksOffice ZucksOldOffice BahnAppetit 
Case #29: Nanokitchen Arcade Ballpit SwagStore FreshOrangeJuice ShuttlePlatform LikeSign HotfixBar LivingTheDream RainbowStairs FoxPainting Harvest BahnAppetit VerveCoffee TransportationHub ConstitutionDeli CafeEpic SweetStop Helpdesk Sol FakeCrosswalk BurgerShack Microkitchen ColdBrewMachine MamaPennys 
Case #30: SwagStore CafeEpic FreshOrangeJuice FullCircle WallOfPhones TuringInDominoes HalalTruck 
Case #31: Helpdesk SonOfPingAndPong MPK20Roof WoodenSculpture CafeEpic LivingTheDream HalalTruck FukiSushiInOldenDays OculusDemoLab 
Case #32: WoodenSculpture SwagStore HotfixBar HalalTruck MPK20Roof MamaPennys SugarShack ConstitutionDeli 
Case #33: LightningBolts HotfixBar ShuttlePlatform FukiSushiInOldenDays TransportationHub FoxGazebo NailPolishRoomBlock CafeEpic BahnAppetit ColdBrewMachine SugarShack 
Case #34: ZucksOffice TransportationHub OculusDemoLab ChosHawkerCenter DentalOffice Microkitchen ShuttlePlatform CafeEpic SugarShack TuringInDominoes LivingTheDream ConstitutionDeli 
Case #35: MamaPennys FukiSushiInOldenDays FoxPainting 
Case #36: FoxPainting Microkitchen FreshOrangeJuice 
Case #37: ZucksOffice Sol HalalTruck Nanokitchen ConstitutionDeli TechVendingMachine ShuttlePlatform ColdBrewMachine BurgerShack Microkitchen Ballpit DentalOffice OculusDemoLab 
Case #38: Arcade 
Case #39: HotfixBar MamaPennys SweetStop SwagStore Microkitchen FullCircle ZucksOldOffice ConstitutionDeli FoxGazebo 
Case #40: WoodenSculpture MPK20Roof Harvest Nanokitchen 
Case #41: Nanokitchen Arcade Helpdesk PopUpShop OculusDemoLab HalalTruck LikeSign HotfixBar BahnAppetit BridgeClub FoxPainting TechVendingMachine 
Case #42: WallOfPhones RainbowStairs HackerSquare NailPolishRoomBlock DentalOffice ConstitutionDeli Harvest LivingTheDream BridgeClub Nanokitchen HalalTruck LightningBolts BurgerShack SonOfPingAndPong OculusDemoLab VerveCoffee ShuttlePlatform ZucksOffice TechVendingMachine TuringInDominoes LateHarvest Microkitchen 
Case #43: ZucksOldOffice Harvest PopUpShop SonOfPingAndPong LikeSign SwagStore PhilzCoffee 
Case #44: HackerSquare SugarShack Harvest ConstitutionDeli BurgerShack WoodenSculpture FukiSushiInOldenDays TuringInDominoes ShuttlePlatform Sol SweetStop BridgeClub SonOfPingAndPong TransportationHub Helpdesk ZucksOldOffice Microkitchen FoxGazebo FullCircle 
Case #45: MPK20Roof MamaPennys SugarShack FoxPainting RainbowStairs ColdBrewMachine FukiSushiInOldenDays PhilzCoffee Ballpit ZucksOldOffice TechVendingMachine 
Case #46: SaintFrank Helpdesk ConstitutionDeli SweetStop Microkitchen LateHarvest MamaPennys PhilzCoffee Sol BlueBottle SonOfPingAndPong FullCircle 
Case #47: LikeSign SweetStop SwagStore 
Case #48: ColdBrewMachine ZucksOldOffice 
Case #49: MamaPennys FakeCrosswalk DentalOffice NailPolishRoomBlock HotfixBar Harvest ShuttlePlatform ConstitutionDeli BlueBottle BridgeClub LateHarvest VerveCoffee SweetStop HalalTruck SwagStore FreshOrangeJuice ZucksOldOffice FukiSushiInOldenDays CafeEpic SaintFrank Arcade MPK20Roof FoxPainting SugarShack ZucksOffice FullCircle LivingTheDream Helpdesk WallOfPhones RainbowStairs 
Case #50: BridgeClub WoodenSculpture DentalOffice FukiSushiInOldenDays BahnAppetit Nanokitchen LivingTheDream TuringInDominoes ShuttlePlatform ZucksOffice TechVendingMachine 
Case #51: ColdBrewMachine ConstitutionDeli Harvest MamaPennys 
Case #52: Harvest TechVendingMachine 
Case #53: MPK20Roof BridgeClub FukiSushiInOldenDays ConstitutionDeli Sol TransportationHub BlueBottle LivingTheDream SugarShack MamaPennys BahnAppetit Nanokitchen HotfixBar LateHarvest Microkitchen HalalTruck BurgerShack Ballpit OculusDemoLab LightningBolts Harvest 
Case #54: PopUpShop 
Case #55: FukiSushiInOldenDays FoxPainting LivingTheDream Helpdesk Arcade SweetStop RainbowStairs ConstitutionDeli Harvest VerveCoffee TechVendingMachine BlueBottle NailPolishRoomBlock Microkitchen CafeEpic Ballpit DentalOffice FreshOrangeJuice Sol FullCircle Nanokitchen SaintFrank PopUpShop LikeSign HackerSquare FoxGazebo LightningBolts SonOfPingAndPong PhilzCoffee WallOfPhones FakeCrosswalk 
Case #56: NailPolishRoomBlock LightningBolts BlueBottle RainbowStairs ChosHawkerCenter MamaPennys Helpdesk Arcade SonOfPingAndPong 
Case #57: MamaPennys TechVendingMachine LikeSign BurgerShack NailPolishRoomBlock FoxPainting FukiSushiInOldenDays TuringInDominoes 
Case #58: ConstitutionDeli VerveCoffee WoodenSculpture MPK20Roof LikeSign ZucksOffice Sol ZucksOldOffice MamaPennys 
Case #59: Harvest FukiSushiInOldenDays ZucksOldOffice NailPolishRoomBlock MPK20Roof 
Case #60: Helpdesk ChosHawkerCenter SugarShack BlueBottle LivingTheDream 
Case #61: RainbowStairs WallOfPhones FoxGazebo Helpdesk Arcade Harvest NailPolishRoomBlock FullCircle PopUpShop OculusDemoLab SaintFrank MamaPennys Sol FoxPainting HalalTruck LateHarvest FakeCrosswalk SugarShack BlueBottle SweetStop TuringInDominoes CafeEpic LivingTheDream DentalOffice ZucksOffice SonOfPingAndPong Nanokitchen ColdBrewMachine MPK20Roof WoodenSculpture PhilzCoffee BahnAppetit SwagStore FreshOrangeJuice ConstitutionDeli ShuttlePlatform LightningBolts ZucksOldOffice LikeSign TechVendingMachine Ballpit 
Case #62: LateHarvest HalalTruck LightningBolts MamaPennys Harvest Helpdesk DentalOffice ColdBrewMachine TransportationHub SonOfPingAndPong RainbowStairs LikeSign FakeCrosswalk Ballpit FukiSushiInOldenDays FullCircle SugarShack CafeEpic FreshOrangeJuice ShuttlePlatform Nanokitchen TuringInDominoes NailPolishRoomBlock MPK20Roof BurgerShack SaintFrank HackerSquare 
Case #63: ShuttlePlatform TuringInDominoes FukiSushiInOldenDays WoodenSculpture TechVendingMachine ZucksOffice LikeSign ZucksOldOffice HalalTruck Sol OculusDemoLab RainbowStairs LightningBolts SugarShack FakeCrosswalk LateHarvest WallOfPhones ConstitutionDeli HotfixBar TransportationHub MamaPennys Arcade Ballpit FoxPainting 
Case #64: ChosHawkerCenter FukiSushiInOldenDays HalalTruck TransportationHub LivingTheDream RainbowStairs ColdBrewMachine TechVendingMachine SugarShack 
Case #65: ChosHawkerCenter Arcade FoxGazebo FukiSushiInOldenDays WallOfPhones HackerSquare VerveCoffee BurgerShack HotfixBar FreshOrangeJuice WoodenSculpture 
Case #66: OculusDemoLab Nanokitchen MPK20Roof CafeEpic LivingTheDream TuringInDominoes BurgerShack DentalOffice NailPolishRoomBlock Sol Harvest SonOfPingAndPong SwagStore FakeCrosswalk FoxGazebo TechVendingMachine FullCircle ZucksOldOffice ConstitutionDeli SugarShack PopUpShop FukiSushiInOldenDays ZucksOffice FoxPainting BlueBottle SweetStop MamaPennys RainbowStairs WallOfPhones LightningBolts SaintFrank ShuttlePlatform ChosHawkerCenter Arcade TransportationHub HackerSquare WoodenSculpture PhilzCoffee Microkitchen BahnAppetit 
Case #67: ShuttlePlatform NailPolishRoomBlock LightningBolts MamaPennys Microkitchen HalalTruck CafeEpic BahnAppetit PhilzCoffee SaintFrank BurgerShack FoxPainting HotfixBar FoxGazebo HackerSquare SwagStore LikeSign FullCircle Arcade VerveCoffee 
Case #68: HalalTruck LikeSign Arcade Harvest LivingTheDream LightningBolts ChosHawkerCenter WoodenSculpture Helpdesk SwagStore NailPolishRoomBlock ColdBrewMachine CafeEpic BlueBottle ConstitutionDeli ZucksOldOffice FakeCrosswalk SugarShack WallOfPhones FukiSushiInOldenDays ZucksOffice SweetStop SonOfPingAndPong PopUpShop Microkitchen Nanokitchen DentalOffice BridgeClub ShuttlePlatform FoxPainting TransportationHub HotfixBar 
Case #69: Microkitchen VerveCoffee HackerSquare PopUpShop 
Case #70: HotfixBar 
Case #71: ShuttlePlatform NailPolishRoomBlock TechVendingMachine PopUpShop FukiSushiInOldenDays ChosHawkerCenter Arcade BridgeClub LightningBolts HotfixBar MPK20Roof 
Case #72: MamaPennys SwagStore LightningBolts FullCircle PhilzCoffee Harvest HackerSquare TransportationHub ShuttlePlatform FoxGazebo NailPolishRoomBlock WallOfPhones BlueBottle PopUpShop LikeSign HotfixBar 
Case #73: VerveCoffee PopUpShop OculusDemoLab ZucksOldOffice ZucksOffice 
Case #74: PhilzCoffee HalalTruck Ballpit LivingTheDream SweetStop BridgeClub Nanokitchen SwagStore WallOfPhones SonOfPingAndPong Arcade ZucksOffice FakeCrosswalk 
Case #75: LateHarvest ZucksOldOffice CafeEpic MPK20Roof SwagStore Microkitchen NailPolishRoomBlock FullCircle TuringInDominoes FukiSushiInOldenDays Harvest WoodenSculpture Arcade FoxGazebo WallOfPhones LikeSign ZucksOffice BridgeClub HackerSquare Nanokitchen BurgerShack FakeCrosswalk ConstitutionDeli 
Case #76: ShuttlePlatform BridgeClub Microkitchen BlueBottle LightningBolts OculusDemoLab NailPolishRoomBlock SweetStop LikeSign ZucksOffice FullCircle HotfixBar SaintFrank LivingTheDream Helpdesk MPK20Roof Arcade ColdBrewMachine Sol WallOfPhones FoxPainting RainbowStairs DentalOffice FakeCrosswalk PhilzCoffee TuringInDominoes PopUpShop 
Case #77: CafeEpic Sol TransportationHub TuringInDominoes 
Case #78: MPK20Roof DentalOffice LateHarvest Arcade SonOfPingAndPong FakeCrosswalk BurgerShack HackerSquare FoxGazebo Helpdesk ZucksOldOffice ZucksOffice LivingTheDream SwagStore WallOfPhones LikeSign ChosHawkerCenter BahnAppetit NailPolishRoomBlock Ballpit ShuttlePlatform HotfixBar SweetStop MamaPennys 
Case #79: FoxGazebo MPK20Roof WoodenSculpture Biryani 
Case #80: ZucksOldOffice ZucksOffice BlueBottle TransportationHub 
